<?xml version="1.0" encoding="UTF-8"?>
<testsuite name="com.jojoldu.book.springboot.web.HelloControllerTest" tests="2" skipped="0" failures="0" errors="0" timestamp="2020-12-26T08:59:23" hostname="LAPTOP-2NFNHN0T" time="0.103">
  <properties/>
  <testcase name="helloDto" classname="com.jojoldu.book.springboot.web.HelloControllerTest" time="0.096"/>
  <testcase name="hello" classname="com.jojoldu.book.springboot.web.HelloControllerTest" time="0.006"/>
  <system-out><![CDATA[2020-12-26 17:59:23.259  INFO 19216 --- [    Test worker] .b.t.a.w.s.WebMvcTestContextBootstrapper : Neither @ContextConfiguration nor @ContextHierarchy found for test class [com.jojoldu.book.springboot.web.HelloControllerTest], using SpringBootContextLoader
2020-12-26 17:59:23.259  INFO 19216 --- [    Test worker] o.s.t.c.support.AbstractContextLoader    : Could not detect default resource locations for test class [com.jojoldu.book.springboot.web.HelloControllerTest]: no resource found for suffixes {-context.xml, Context.groovy}.
2020-12-26 17:59:23.259  INFO 19216 --- [    Test worker] t.c.s.AnnotationConfigContextLoaderUtils : Could not detect default configuration classes for test class [com.jojoldu.book.springboot.web.HelloControllerTest]: HelloControllerTest does not declare any static, non-private, non-final, nested classes annotated with @Configuration.
2020-12-26 17:59:23.269  INFO 19216 --- [    Test worker] .b.t.c.SpringBootTestContextBootstrapper : Found @SpringBootConfiguration com.jojoldu.book.springboot.Application for test class com.jojoldu.book.springboot.web.HelloControllerTest
2020-12-26 17:59:23.277  INFO 19216 --- [    Test worker] .b.t.a.w.s.WebMvcTestContextBootstrapper : Loaded default TestExecutionListener class names from location [META-INF/spring.factories]: [org.springframework.security.test.context.support.WithSecurityContextTestExecutionListener, org.springframework.security.test.context.support.ReactorContextTestExecutionListener, org.springframework.boot.test.autoconfigure.restdocs.RestDocsTestExecutionListener, org.springframework.boot.test.autoconfigure.web.client.MockRestServiceServerResetTestExecutionListener, org.springframework.boot.test.autoconfigure.web.servlet.MockMvcPrintOnlyOnFailureTestExecutionListener, org.springframework.boot.test.autoconfigure.web.servlet.WebDriverTestExecutionListener, org.springframework.boot.test.mock.mockito.MockitoTestExecutionListener, org.springframework.boot.test.mock.mockito.ResetMocksTestExecutionListener, org.springframework.test.context.web.ServletTestExecutionListener, org.springframework.test.context.support.DirtiesContextBeforeModesTestExecutionListener, org.springframework.test.context.support.DependencyInjectionTestExecutionListener, org.springframework.test.context.support.DirtiesContextTestExecutionListener, org.springframework.test.context.transaction.TransactionalTestExecutionListener, org.springframework.test.context.jdbc.SqlScriptsTestExecutionListener]
2020-12-26 17:59:23.279  INFO 19216 --- [    Test worker] .b.t.a.w.s.WebMvcTestContextBootstrapper : Using TestExecutionListeners: [org.springframework.test.context.web.ServletTestExecutionListener@68d7a7a2, org.springframework.test.context.support.DirtiesContextBeforeModesTestExecutionListener@2f57cd48, org.springframework.boot.test.mock.mockito.MockitoTestExecutionListener@2ad92915, org.springframework.boot.test.autoconfigure.SpringBootDependencyInjectionTestExecutionListener@119fd4ea, org.springframework.test.context.support.DirtiesContextTestExecutionListener@44a08bcc, org.springframework.test.context.transaction.TransactionalTestExecutionListener@550c239d, org.springframework.test.context.jdbc.SqlScriptsTestExecutionListener@367e39a8, org.springframework.security.test.context.support.WithSecurityContextTestExecutionListener@59a99309, org.springframework.security.test.context.support.ReactorContextTestExecutionListener@19978d1b, org.springframework.boot.test.autoconfigure.restdocs.RestDocsTestExecutionListener@2db3457f, org.springframework.boot.test.autoconfigure.web.client.MockRestServiceServerResetTestExecutionListener@6a479a18, org.springframework.boot.test.autoconfigure.web.servlet.MockMvcPrintOnlyOnFailureTestExecutionListener@7f636d82, org.springframework.boot.test.autoconfigure.web.servlet.WebDriverTestExecutionListener@5ab9d820, org.springframework.boot.test.mock.mockito.ResetMocksTestExecutionListener@6d16e6b5]

  .   ____          _            __ _ _
 /\\ / ___'_ __ _ _(_)_ __  __ _ \ \ \ \
( ( )\___ | '_ | '_| | '_ \/ _` | \ \ \ \
 \\/  ___)| |_)| | | | | || (_| |  ) ) ) )
  '  |____| .__|_| |_|_| |_\__, | / / / /
 =========|_|==============|___/=/_/_/_/
 :: Spring Boot ::        (v2.1.7.RELEASE)

2020-12-26 17:59:23.310  INFO 19216 --- [    Test worker] c.j.b.s.web.HelloControllerTest          : Starting HelloControllerTest on LAPTOP-2NFNHN0T with PID 19216 (started by 82104 in C:\Users\82104\IdeaProjects\freelec-springboot2-webservice)
2020-12-26 17:59:23.310  INFO 19216 --- [    Test worker] c.j.b.s.web.HelloControllerTest          : The following profiles are active: oauth
2020-12-26 17:59:23.632  INFO 19216 --- [    Test worker] o.s.s.concurrent.ThreadPoolTaskExecutor  : Initializing ExecutorService 'applicationTaskExecutor'
2020-12-26 17:59:23.652  INFO 19216 --- [    Test worker] o.s.b.a.w.s.WelcomePageHandlerMapping    : Adding welcome page template: index
2020-12-26 17:59:23.803  INFO 19216 --- [    Test worker] .s.s.UserDetailsServiceAutoConfiguration : 

Using generated security password: 3c681274-09fc-4951-870f-52314de3715e

2020-12-26 17:59:23.902  INFO 19216 --- [    Test worker] o.s.s.web.DefaultSecurityFilterChain     : Creating filter chain: any request, [org.springframework.security.web.context.request.async.WebAsyncManagerIntegrationFilter@14689f29, org.springframework.security.web.context.SecurityContextPersistenceFilter@3ea33618, org.springframework.security.web.header.HeaderWriterFilter@4e6be97d, org.springframework.security.web.csrf.CsrfFilter@13822a67, org.springframework.security.web.authentication.logout.LogoutFilter@3858e442, org.springframework.security.web.authentication.UsernamePasswordAuthenticationFilter@4cf29ae7, org.springframework.security.web.authentication.ui.DefaultLoginPageGeneratingFilter@7d52604, org.springframework.security.web.authentication.ui.DefaultLogoutPageGeneratingFilter@955cfb7, org.springframework.security.web.authentication.www.BasicAuthenticationFilter@5a0e7d7a, org.springframework.security.web.savedrequest.RequestCacheAwareFilter@1bcf2890, org.springframework.security.web.servletapi.SecurityContextHolderAwareRequestFilter@afe0a95, org.springframework.security.web.authentication.AnonymousAuthenticationFilter@2019964a, org.springframework.security.web.session.SessionManagementFilter@4c3823c5, org.springframework.security.web.access.ExceptionTranslationFilter@6cc9300c, org.springframework.security.web.access.intercept.FilterSecurityInterceptor@42ed4bb9]
2020-12-26 17:59:23.914  INFO 19216 --- [    Test worker] o.s.b.t.m.w.SpringBootMockServletContext : Initializing Spring TestDispatcherServlet ''
2020-12-26 17:59:23.914  INFO 19216 --- [    Test worker] o.s.t.web.servlet.TestDispatcherServlet  : Initializing Servlet ''
2020-12-26 17:59:23.924  INFO 19216 --- [    Test worker] o.s.t.web.servlet.TestDispatcherServlet  : Completed initialization in 10 ms
2020-12-26 17:59:23.952  INFO 19216 --- [    Test worker] c.j.b.s.web.HelloControllerTest          : Started HelloControllerTest in 0.673 seconds (JVM running for 9.129)
]]></system-out>
  <system-err><![CDATA[]]></system-err>
</testsuite>
